# conda environments:
#
                         /home/henryj/deepfake/alltalk_tts/alltalk_environment/conda
                         /home/henryj/deepfake/alltalk_tts/alltalk_environment/env
                         /home/henryj/deepfake/venv
# conda environments:
#
                         /home/henryj/deepfake/alltalk_tts/alltalk_environment/conda
                         /home/henryj/deepfake/alltalk_tts/alltalk_environment/env
                      *  /home/henryj/deepfake/venv
loading model
started transcribing
transcribed AlexBoresVoice8.wav
transcribed AlexBoresVoice21.wav
transcribed AlexBoresVoice20.wav
transcribed AlexBoresVoice4.wav
transcribed AlexBoresVoice17.wav
transcribed AlexBoresVoice2.wav
transcribed AlexBoresVoice19.wav
transcribed AlexBoresVoice16.wav
transcribed AlexBoresVoice18.wav
transcribed AlexBoresVoice12.wav
transcribed AlexBoresVoice6.wav
transcribed AlexBoresVoice22.wav
transcribed AlexBoresVoice1.wav
transcribed AlexBoresVoice13.wav
transcribed AlexBoresVoice14.wav
transcribed AlexBoresVoice15.wav
transcribed AlexBoresVoice9.wav
transcribed AlexBoresVoice11.wav
transcribed AlexBoresVoice5.wav
transcribed AlexBoresVoice10.wav
transcribed AlexBoresVoice3.wav
transcribed AlexBoresVoice7.wav
done!
