# conda environments:
#
                         /home/henryj/deepfake/venv
base                  *  /software/python-anaconda-2022.05-el8-x86_64
R                        /software/python-anaconda-2022.05-el8-x86_64/envs/R
# conda environments:
#
                      *  /home/henryj/deepfake/venv
base                     /software/python-anaconda-2022.05-el8-x86_64
R                        /software/python-anaconda-2022.05-el8-x86_64/envs/R
AlexBoresVoice8.wav
AlexBoresVoice21.wav
AlexBoresVoice20.wav
AlexBoresVoice4.wav
AlexBoresVoice17.wav
AlexBoresVoice2.wav
AlexBoresVoice19.wav
AlexBoresVoice16.wav
AlexBoresVoice18.wav
AlexBoresVoice12.wav
AlexBoresVoice6.wav
AlexBoresVoice22.wav
AlexBoresVoice0.wav
AlexBoresVoice1.wav
AlexBoresVoice13.wav
AlexBoresVoice14.wav
AlexBoresVoice15.wav
AlexBoresVoice9.wav
AlexBoresVoice11.wav
AlexBoresVoice5.wav
AlexBoresVoice10.wav
AlexBoresVoice3.wav
AlexBoresVoice7.wav
