# conda environments:
#
                         /home/henryj/deepfake/alltalk_tts/alltalk_environment/conda
                         /home/henryj/deepfake/alltalk_tts/alltalk_environment/env
                         /home/henryj/deepfake/venv
# conda environments:
#
                         /home/henryj/deepfake/alltalk_tts/alltalk_environment/conda
                         /home/henryj/deepfake/alltalk_tts/alltalk_environment/env
                      *  /home/henryj/deepfake/venv
loading model
started transcribing
transcribed AlexBoresVoice161.wav
transcribed AlexBoresVoice130.wav
transcribed AlexBoresVoice78.wav
transcribed AlexBoresVoice8.wav
transcribed AlexBoresVoice77.wav
transcribed AlexBoresVoice158.wav
transcribed AlexBoresVoice21.wav
transcribed AlexBoresVoice71.wav
transcribed AlexBoresVoice20.wav
transcribed AlexBoresVoice116.wav
transcribed AlexBoresVoice91.wav
transcribed AlexBoresVoice35.wav
transcribed AlexBoresVoice36.wav
transcribed AlexBoresVoice4.wav
transcribed AlexBoresVoice145.wav
transcribed AlexBoresVoice73.wav
transcribed AlexBoresVoice129.wav
transcribed AlexBoresVoice142.wav
transcribed AlexBoresVoice117.wav
transcribed AlexBoresVoice118.wav
transcribed AlexBoresVoice49.wav
transcribed AlexBoresVoice97.wav
transcribed AlexBoresVoice133.wav
transcribed AlexBoresVoice17.wav
transcribed AlexBoresVoice157.wav
transcribed AlexBoresVoice45.wav
transcribed AlexBoresVoice102.wav
transcribed AlexBoresVoice34.wav
transcribed AlexBoresVoice62.wav
transcribed AlexBoresVoice109.wav
transcribed AlexBoresVoice43.wav
transcribed AlexBoresVoice107.wav
transcribed AlexBoresVoice59.wav
transcribed AlexBoresVoice108.wav
transcribed AlexBoresVoice137.wav
transcribed AlexBoresVoice72.wav
transcribed AlexBoresVoice79.wav
transcribed AlexBoresVoice67.wav
transcribed AlexBoresVoice48.wav
transcribed AlexBoresVoice82.wav
transcribed AlexBoresVoice165.wav
transcribed AlexBoresVoice81.wav
transcribed AlexBoresVoice25.wav
transcribed AlexBoresVoice111.wav
transcribed AlexBoresVoice2.wav
transcribed AlexBoresVoice85.wav
transcribed AlexBoresVoice19.wav
transcribed AlexBoresVoice41.wav
transcribed AlexBoresVoice88.wav
transcribed AlexBoresVoice166.wav
transcribed AlexBoresVoice122.wav
transcribed AlexBoresVoice101.wav
transcribed AlexBoresVoice87.wav
transcribed AlexBoresVoice134.wav
transcribed AlexBoresVoice95.wav
transcribed AlexBoresVoice96.wav
transcribed AlexBoresVoice16.wav
transcribed AlexBoresVoice30.wav
transcribed AlexBoresVoice144.wav
transcribed AlexBoresVoice92.wav
transcribed AlexBoresVoice99.wav
transcribed AlexBoresVoice80.wav
transcribed AlexBoresVoice115.wav
transcribed AlexBoresVoice110.wav
transcribed AlexBoresVoice42.wav
transcribed AlexBoresVoice23.wav
transcribed AlexBoresVoice153.wav
transcribed AlexBoresVoice52.wav
transcribed AlexBoresVoice159.wav
transcribed AlexBoresVoice40.wav
transcribed AlexBoresVoice18.wav
transcribed AlexBoresVoice138.wav
transcribed AlexBoresVoice33.wav
transcribed AlexBoresVoice38.wav
transcribed AlexBoresVoice150.wav
transcribed AlexBoresVoice12.wav
transcribed AlexBoresVoice164.wav
transcribed AlexBoresVoice63.wav
transcribed AlexBoresVoice66.wav
transcribed AlexBoresVoice50.wav
transcribed AlexBoresVoice65.wav
transcribed AlexBoresVoice112.wav
transcribed AlexBoresVoice47.wav
transcribed AlexBoresVoice119.wav
transcribed AlexBoresVoice140.wav
transcribed AlexBoresVoice89.wav
transcribed AlexBoresVoice56.wav
transcribed AlexBoresVoice70.wav
transcribed AlexBoresVoice26.wav
transcribed AlexBoresVoice124.wav
transcribed AlexBoresVoice151.wav
transcribed AlexBoresVoice146.wav
transcribed AlexBoresVoice61.wav
transcribed AlexBoresVoice29.wav
transcribed AlexBoresVoice113.wav
transcribed AlexBoresVoice6.wav
transcribed AlexBoresVoice100.wav
transcribed AlexBoresVoice120.wav
transcribed AlexBoresVoice163.wav
transcribed AlexBoresVoice103.wav
transcribed AlexBoresVoice98.wav
transcribed AlexBoresVoice149.wav
transcribed AlexBoresVoice22.wav
transcribed AlexBoresVoice93.wav
transcribed AlexBoresVoice128.wav
transcribed AlexBoresVoice74.wav
transcribed AlexBoresVoice135.wav
transcribed AlexBoresVoice0.wav
transcribed AlexBoresVoice155.wav
transcribed AlexBoresVoice37.wav
transcribed AlexBoresVoice44.wav
transcribed AlexBoresVoice139.wav
transcribed AlexBoresVoice94.wav
transcribed AlexBoresVoice104.wav
transcribed AlexBoresVoice64.wav
transcribed AlexBoresVoice132.wav
transcribed AlexBoresVoice75.wav
transcribed AlexBoresVoice46.wav
transcribed AlexBoresVoice58.wav
transcribed AlexBoresVoice1.wav
transcribed AlexBoresVoice31.wav
transcribed AlexBoresVoice83.wav
transcribed AlexBoresVoice57.wav
transcribed AlexBoresVoice13.wav
transcribed AlexBoresVoice127.wav
transcribed AlexBoresVoice14.wav
transcribed AlexBoresVoice106.wav
transcribed AlexBoresVoice86.wav
transcribed AlexBoresVoice156.wav
transcribed AlexBoresVoice147.wav
transcribed AlexBoresVoice15.wav
transcribed AlexBoresVoice76.wav
transcribed AlexBoresVoice9.wav
transcribed AlexBoresVoice32.wav
transcribed AlexBoresVoice55.wav
transcribed AlexBoresVoice143.wav
transcribed AlexBoresVoice11.wav
transcribed AlexBoresVoice126.wav
transcribed AlexBoresVoice5.wav
transcribed AlexBoresVoice131.wav
transcribed AlexBoresVoice69.wav
transcribed AlexBoresVoice136.wav
transcribed AlexBoresVoice125.wav
transcribed AlexBoresVoice39.wav
transcribed AlexBoresVoice10.wav
transcribed AlexBoresVoice84.wav
transcribed AlexBoresVoice28.wav
transcribed AlexBoresVoice152.wav
transcribed AlexBoresVoice27.wav
transcribed AlexBoresVoice114.wav
transcribed AlexBoresVoice162.wav
transcribed AlexBoresVoice3.wav
transcribed AlexBoresVoice68.wav
transcribed AlexBoresVoice53.wav
transcribed AlexBoresVoice123.wav
transcribed AlexBoresVoice105.wav
transcribed AlexBoresVoice90.wav
transcribed AlexBoresVoice154.wav
transcribed AlexBoresVoice24.wav
transcribed AlexBoresVoice141.wav
transcribed AlexBoresVoice60.wav
transcribed AlexBoresVoice51.wav
transcribed AlexBoresVoice148.wav
transcribed AlexBoresVoice160.wav
transcribed AlexBoresVoice54.wav
transcribed AlexBoresVoice7.wav
transcribed AlexBoresVoice121.wav
done!
